<!DOCTYPE html>

<html>
  <head>
  <meta charset='utf-8'>
  <title>TestNG reports</title>

    <link type="text/css" href="testng-reports1.css" rel="stylesheet" id="ultra" />
    <link type="text/css" href="testng-reports.css" rel="stylesheet" id="retro" disabled="false"/>
    <script type="text/javascript" src="jquery.min.js"></script>
    <script type="text/javascript" src="testng-reports.js"></script>
    <script type="text/javascript" src="https://www.google.com/jsapi"></script>
    <script type='text/javascript'>
      google.load('visualization', '1', {packages:['table']});
      google.setOnLoadCallback(drawTable);
      var suiteTableInitFunctions = new Array();
      var suiteTableData = new Array();
    </script>
    <!--
      <script type="text/javascript" src="jquery-ui/js/jquery-ui-1.8.16.custom.min.js"></script>
     -->
  </head>

  <body>
    <div class="top-banner-root">
      <span class="top-banner-title-font">Test results</span>
      <button class="button" id="button">Switch Retro Theme</button> <!-- button -->
      <br/>
      <span class="top-banner-font-1">1 suite, 4 failed tests</span>
    </div> <!-- top-banner-root -->
    <div class="navigator-root">
      <div class="navigator-suite-header">
        <span>All suites</span>
        <a href="#" class="collapse-all-link" title="Collapse/expand all the suites">
          <img class="collapse-all-icon" src="collapseall.gif">
          </img> <!-- collapse-all-icon -->
        </a> <!-- collapse-all-link -->
      </div> <!-- navigator-suite-header -->
      <div class="suite">
        <div class="rounded-window">
          <div class="suite-header light-rounded-window-top">
            <a href="#" class="navigator-link" panel-name="suite-All_Test_Suite">
              <span class="suite-name border-failed">All Test Suite</span>
            </a> <!-- navigator-link -->
          </div> <!-- suite-header light-rounded-window-top -->
          <div class="navigator-suite-content">
            <div class="suite-section-title">
              <span>Info</span>
            </div> <!-- suite-section-title -->
            <div class="suite-section-content">
              <ul>
                <li>
                  <a href="#" class="navigator-link " panel-name="test-xml-All_Test_Suite">
                    <span>E:\POMframeworkWithExtentReportCOPY\Testng.xml</span>
                  </a> <!-- navigator-link  -->
                </li>
                <li>
                  <a href="#" class="navigator-link " panel-name="testlist-All_Test_Suite">
                    <span class="test-stats">1 test</span>
                  </a> <!-- navigator-link  -->
                </li>
                <li>
                  <a href="#" class="navigator-link " panel-name="group-All_Test_Suite">
                    <span>0 groups</span>
                  </a> <!-- navigator-link  -->
                </li>
                <li>
                  <a href="#" class="navigator-link " panel-name="times-All_Test_Suite">
                    <span>Times</span>
                  </a> <!-- navigator-link  -->
                </li>
                <li>
                  <a href="#" class="navigator-link " panel-name="reporter-All_Test_Suite">
                    <span>Reporter output</span>
                  </a> <!-- navigator-link  -->
                </li>
                <li>
                  <a href="#" class="navigator-link " panel-name="ignored-methods-All_Test_Suite">
                    <span>Ignored methods</span>
                  </a> <!-- navigator-link  -->
                </li>
                <li>
                  <a href="#" class="navigator-link " panel-name="chronological-All_Test_Suite">
                    <span>Chronological view</span>
                  </a> <!-- navigator-link  -->
                </li>
              </ul>
            </div> <!-- suite-section-content -->
            <div class="result-section">
              <div class="suite-section-title">
                <span>Results</span>
              </div> <!-- suite-section-title -->
              <div class="suite-section-content">
                <ul>
                  <li>
                    <span class="method-stats">9 methods, 4 failed,  4 skipped,  1 passed</span>
                  </li>
                  <li>
                    <span class="method-list-title failed">Failed methods</span>
                    <span class="show-or-hide-methods failed">
                      <a href="#" panel-name="suite-All_Test_Suite" class="hide-methods failed suite-All_Test_Suite"> (hide)</a> <!-- hide-methods failed suite-All_Test_Suite -->
                      <a href="#" panel-name="suite-All_Test_Suite" class="show-methods failed suite-All_Test_Suite"> (show)</a> <!-- show-methods failed suite-All_Test_Suite -->
                    </span>
                    <div class="method-list-content failed suite-All_Test_Suite">
                      <span>
                        <img width="3%" src="failed.png"/>
                        <a href="#" class="method navigator-link" panel-name="suite-All_Test_Suite" title="com.tests.LoginTest" hash-for-method="invalid_emailAndPassword_LoginTest1(public void com.tests.LoginTest.invalid_emailAndPassword_LoginTest1(java.lang.reflect.Method))">invalid_emailAndPassword_LoginTest1(public void com.tests.LoginTest.invalid_emailAndPassword_LoginTest1(java.lang.reflect.Method))</a> <!-- method navigator-link -->
                      </span>
                      <br/>
                      <span>
                        <img width="3%" src="failed.png"/>
                        <a href="#" class="method navigator-link" panel-name="suite-All_Test_Suite" title="com.tests.LoginTest" hash-for-method="invalid_emailAndPassword_LoginTest2(public void com.tests.LoginTest.invalid_emailAndPassword_LoginTest2(java.lang.reflect.Method))">invalid_emailAndPassword_LoginTest2(public void com.tests.LoginTest.invalid_emailAndPassword_LoginTest2(java.lang.reflect.Method))</a> <!-- method navigator-link -->
                      </span>
                      <br/>
                      <span>
                        <img width="3%" src="failed.png"/>
                        <a href="#" class="method navigator-link" panel-name="suite-All_Test_Suite" title="com.tests.LoginTest" hash-for-method="invalid_emailAndPassword_LoginTest3(public void com.tests.LoginTest.invalid_emailAndPassword_LoginTest3(java.lang.reflect.Method))">invalid_emailAndPassword_LoginTest3(public void com.tests.LoginTest.invalid_emailAndPassword_LoginTest3(java.lang.reflect.Method))</a> <!-- method navigator-link -->
                      </span>
                      <br/>
                      <span>
                        <img width="3%" src="failed.png"/>
                        <a href="#" class="method navigator-link" panel-name="suite-All_Test_Suite" title="com.tests.LoginTest" hash-for-method="valid_emailAndPassword_LoginTest(public void com.tests.LoginTest.valid_emailAndPassword_LoginTest(java.lang.reflect.Method))">valid_emailAndPassword_LoginTest(public void com.tests.LoginTest.valid_emailAndPassword_LoginTest(java.lang.reflect.Method))</a> <!-- method navigator-link -->
                      </span>
                      <br/>
                    </div> <!-- method-list-content failed suite-All_Test_Suite -->
                  </li>
                  <li>
                    <span class="method-list-title skipped">Retried methods</span>
                    <span class="show-or-hide-methods skipped">
                      <a href="#" panel-name="suite-All_Test_Suite" class="hide-methods skipped suite-All_Test_Suite"> (hide)</a> <!-- hide-methods skipped suite-All_Test_Suite -->
                      <a href="#" panel-name="suite-All_Test_Suite" class="show-methods skipped suite-All_Test_Suite"> (show)</a> <!-- show-methods skipped suite-All_Test_Suite -->
                    </span>
                    <div class="method-list-content skipped suite-All_Test_Suite">
                      <span>
                        <img width="3%" src="skipped.png"/>
                        <a href="#" class="method navigator-link" panel-name="suite-All_Test_Suite" title="com.tests.LoginTest" hash-for-method="invalid_emailAndPassword_LoginTest1(public void com.tests.LoginTest.invalid_emailAndPassword_LoginTest1(java.lang.reflect.Method))">invalid_emailAndPassword_LoginTest1(public void com.tests.LoginTest.invalid_emailAndPassword_LoginTest1(java.lang.reflect.Method))</a> <!-- method navigator-link -->
                      </span>
                      <br/>
                      <span>
                        <img width="3%" src="skipped.png"/>
                        <a href="#" class="method navigator-link" panel-name="suite-All_Test_Suite" title="com.tests.LoginTest" hash-for-method="invalid_emailAndPassword_LoginTest2(public void com.tests.LoginTest.invalid_emailAndPassword_LoginTest2(java.lang.reflect.Method))">invalid_emailAndPassword_LoginTest2(public void com.tests.LoginTest.invalid_emailAndPassword_LoginTest2(java.lang.reflect.Method))</a> <!-- method navigator-link -->
                      </span>
                      <br/>
                      <span>
                        <img width="3%" src="skipped.png"/>
                        <a href="#" class="method navigator-link" panel-name="suite-All_Test_Suite" title="com.tests.LoginTest" hash-for-method="invalid_emailAndPassword_LoginTest3(public void com.tests.LoginTest.invalid_emailAndPassword_LoginTest3(java.lang.reflect.Method))">invalid_emailAndPassword_LoginTest3(public void com.tests.LoginTest.invalid_emailAndPassword_LoginTest3(java.lang.reflect.Method))</a> <!-- method navigator-link -->
                      </span>
                      <br/>
                      <span>
                        <img width="3%" src="skipped.png"/>
                        <a href="#" class="method navigator-link" panel-name="suite-All_Test_Suite" title="com.tests.LoginTest" hash-for-method="valid_emailAndPassword_LoginTest(public void com.tests.LoginTest.valid_emailAndPassword_LoginTest(java.lang.reflect.Method))">valid_emailAndPassword_LoginTest(public void com.tests.LoginTest.valid_emailAndPassword_LoginTest(java.lang.reflect.Method))</a> <!-- method navigator-link -->
                      </span>
                      <br/>
                    </div> <!-- method-list-content skipped suite-All_Test_Suite -->
                  </li>
                  <li>
                    <span class="method-list-title passed">Passed methods</span>
                    <span class="show-or-hide-methods passed">
                      <a href="#" panel-name="suite-All_Test_Suite" class="hide-methods passed suite-All_Test_Suite"> (hide)</a> <!-- hide-methods passed suite-All_Test_Suite -->
                      <a href="#" panel-name="suite-All_Test_Suite" class="show-methods passed suite-All_Test_Suite"> (show)</a> <!-- show-methods passed suite-All_Test_Suite -->
                    </span>
                    <div class="method-list-content passed suite-All_Test_Suite">
                      <span>
                        <img width="3%" src="passed.png"/>
                        <a href="#" class="method navigator-link" panel-name="suite-All_Test_Suite" title="com.tests.LoginTest" hash-for-method="testPrint">testPrint</a> <!-- method navigator-link -->
                      </span>
                      <br/>
                    </div> <!-- method-list-content passed suite-All_Test_Suite -->
                  </li>
                </ul>
              </div> <!-- suite-section-content -->
            </div> <!-- result-section -->
          </div> <!-- navigator-suite-content -->
        </div> <!-- rounded-window -->
      </div> <!-- suite -->
    </div> <!-- navigator-root -->
    <div class="wrapper">
      <div class="main-panel-root">
        <div panel-name="suite-All_Test_Suite" class="panel All_Test_Suite">
          <div class="suite-All_Test_Suite-class-failed">
            <div class="main-panel-header rounded-window-top">
              <img src="failed.png"/>
              <span class="class-name">com.tests.LoginTest</span>
            </div> <!-- main-panel-header rounded-window-top -->
            <div class="main-panel-content rounded-window-bottom">
              <div class="method">
                <div class="method-content">
                  <a name="invalid_emailAndPassword_LoginTest1(public void com.tests.LoginTest.invalid_emailAndPassword_LoginTest1(java.lang.reflect.Method))">
                  </a> <!-- invalid_emailAndPassword_LoginTest1(public void com.tests.LoginTest.invalid_emailAndPassword_LoginTest1(java.lang.reflect.Method)) -->
                  <span class="method-name">invalid_emailAndPassword_LoginTest1</span>
                  <span class="parameters">(public void com.tests.LoginTest.invalid_emailAndPassword_LoginTest1(java.lang.reflect.Method))</span>
                  <div class="stack-trace">org.openqa.selenium.ElementNotInteractableException: Element &lt;span class=&quot;hidden-xs hidden-sm hidden-md&quot;&gt; could not be scrolled into view
Build info: version: &apos;4.0.0-beta-4&apos;, revision: &apos;29f46d02dd&apos;
System info: host: &apos;LAPTOP-EM2ICHMI&apos;, ip: &apos;192.168.58.102&apos;, os.name: &apos;Windows 10&apos;, os.arch: &apos;amd64&apos;, os.version: &apos;10.0&apos;, java.version: &apos;1.8.0_281&apos;
Driver info: org.openqa.selenium.firefox.FirefoxDriver
Command: [35fc842d-364d-456b-8697-5efb65681659, clickElement {id=84aa1b30-d824-47ff-afb4-a9d9bbf32c2e}]
Capabilities {acceptInsecureCerts: true, browserName: firefox, browserVersion: 89.0.1, javascriptEnabled: true, moz:accessibilityChecks: false, moz:buildID: 20210614221319, moz:debuggerAddress: localhost:62371, moz:geckodriverVersion: 0.29.0, moz:headless: false, moz:processID: 16116, moz:profile: C:\Windows\Temp\rust_mozpro..., moz:shutdownTimeout: 60000, moz:useNonSpecCompliantPointerOrigin: false, moz:webdriverClick: true, pageLoadStrategy: normal, platform: WINDOWS, platformName: WINDOWS, platformVersion: 10.0, se:cdp: ws://localhost:62371/devtoo..., se:cdpVersion: 85, setWindowRect: true, strictFileInteractability: false, timeouts: {implicit: 0, pageLoad: 300000, script: 30000}, unhandledPromptBehavior: dismiss and notify}
Element: [[FirefoxDriver: firefox on WINDOWS (35fc842d-364d-456b-8697-5efb65681659)] -&gt; xpath: //span[contains(text(),&apos;My Account&apos;)]]
Session ID: 35fc842d-364d-456b-8697-5efb65681659
	at org.openqa.selenium.remote.codec.w3c.W3CHttpResponseCodec.createException(W3CHttpResponseCodec.java:200)
	at org.openqa.selenium.remote.codec.w3c.W3CHttpResponseCodec.decode(W3CHttpResponseCodec.java:133)
	at org.openqa.selenium.remote.codec.w3c.W3CHttpResponseCodec.decode(W3CHttpResponseCodec.java:53)
	at org.openqa.selenium.remote.HttpCommandExecutor.execute(HttpCommandExecutor.java:184)
	at org.openqa.selenium.remote.service.DriverCommandExecutor.invokeExecute(DriverCommandExecutor.java:162)
	at org.openqa.selenium.remote.service.DriverCommandExecutor.execute(DriverCommandExecutor.java:137)
	at org.openqa.selenium.remote.RemoteWebDriver.execute(RemoteWebDriver.java:612)
	at org.openqa.selenium.remote.RemoteWebElement.execute(RemoteWebElement.java:235)
	at org.openqa.selenium.remote.RemoteWebElement.click(RemoteWebElement.java:73)
	at com.pages.HomePage.goToLoginPage(HomePage.java:35)
	at com.tests.LoginTest.invalid_emailAndPassword_LoginTest1(LoginTest.java:14)
	at java.util.ArrayList.forEach(ArrayList.java:1259)
... Removed 35 stack frames
</div> <!-- stack-trace -->
                </div> <!-- method-content -->
              </div> <!-- method -->
              <div class="method">
                <div class="method-content">
                  <a name="invalid_emailAndPassword_LoginTest2(public void com.tests.LoginTest.invalid_emailAndPassword_LoginTest2(java.lang.reflect.Method))">
                  </a> <!-- invalid_emailAndPassword_LoginTest2(public void com.tests.LoginTest.invalid_emailAndPassword_LoginTest2(java.lang.reflect.Method)) -->
                  <span class="method-name">invalid_emailAndPassword_LoginTest2</span>
                  <span class="parameters">(public void com.tests.LoginTest.invalid_emailAndPassword_LoginTest2(java.lang.reflect.Method))</span>
                  <div class="stack-trace">org.openqa.selenium.ElementNotInteractableException: Element &lt;span class=&quot;hidden-xs hidden-sm hidden-md&quot;&gt; could not be scrolled into view
Build info: version: &apos;4.0.0-beta-4&apos;, revision: &apos;29f46d02dd&apos;
System info: host: &apos;LAPTOP-EM2ICHMI&apos;, ip: &apos;192.168.58.102&apos;, os.name: &apos;Windows 10&apos;, os.arch: &apos;amd64&apos;, os.version: &apos;10.0&apos;, java.version: &apos;1.8.0_281&apos;
Driver info: org.openqa.selenium.firefox.FirefoxDriver
Command: [35fc842d-364d-456b-8697-5efb65681659, clickElement {id=bf0b2f55-be3d-4d38-b325-38ebdb39fa95}]
Capabilities {acceptInsecureCerts: true, browserName: firefox, browserVersion: 89.0.1, javascriptEnabled: true, moz:accessibilityChecks: false, moz:buildID: 20210614221319, moz:debuggerAddress: localhost:62371, moz:geckodriverVersion: 0.29.0, moz:headless: false, moz:processID: 16116, moz:profile: C:\Windows\Temp\rust_mozpro..., moz:shutdownTimeout: 60000, moz:useNonSpecCompliantPointerOrigin: false, moz:webdriverClick: true, pageLoadStrategy: normal, platform: WINDOWS, platformName: WINDOWS, platformVersion: 10.0, se:cdp: ws://localhost:62371/devtoo..., se:cdpVersion: 85, setWindowRect: true, strictFileInteractability: false, timeouts: {implicit: 0, pageLoad: 300000, script: 30000}, unhandledPromptBehavior: dismiss and notify}
Element: [[FirefoxDriver: firefox on WINDOWS (35fc842d-364d-456b-8697-5efb65681659)] -&gt; xpath: //span[contains(text(),&apos;My Account&apos;)]]
Session ID: 35fc842d-364d-456b-8697-5efb65681659
	at org.openqa.selenium.remote.codec.w3c.W3CHttpResponseCodec.createException(W3CHttpResponseCodec.java:200)
	at org.openqa.selenium.remote.codec.w3c.W3CHttpResponseCodec.decode(W3CHttpResponseCodec.java:133)
	at org.openqa.selenium.remote.codec.w3c.W3CHttpResponseCodec.decode(W3CHttpResponseCodec.java:53)
	at org.openqa.selenium.remote.HttpCommandExecutor.execute(HttpCommandExecutor.java:184)
	at org.openqa.selenium.remote.service.DriverCommandExecutor.invokeExecute(DriverCommandExecutor.java:162)
	at org.openqa.selenium.remote.service.DriverCommandExecutor.execute(DriverCommandExecutor.java:137)
	at org.openqa.selenium.remote.RemoteWebDriver.execute(RemoteWebDriver.java:612)
	at org.openqa.selenium.remote.RemoteWebElement.execute(RemoteWebElement.java:235)
	at org.openqa.selenium.remote.RemoteWebElement.click(RemoteWebElement.java:73)
	at com.pages.HomePage.goToLoginPage(HomePage.java:35)
	at com.tests.LoginTest.invalid_emailAndPassword_LoginTest2(LoginTest.java:21)
	at java.util.ArrayList.forEach(ArrayList.java:1259)
... Removed 35 stack frames
</div> <!-- stack-trace -->
                </div> <!-- method-content -->
              </div> <!-- method -->
              <div class="method">
                <div class="method-content">
                  <a name="invalid_emailAndPassword_LoginTest3(public void com.tests.LoginTest.invalid_emailAndPassword_LoginTest3(java.lang.reflect.Method))">
                  </a> <!-- invalid_emailAndPassword_LoginTest3(public void com.tests.LoginTest.invalid_emailAndPassword_LoginTest3(java.lang.reflect.Method)) -->
                  <span class="method-name">invalid_emailAndPassword_LoginTest3</span>
                  <span class="parameters">(public void com.tests.LoginTest.invalid_emailAndPassword_LoginTest3(java.lang.reflect.Method))</span>
                  <div class="stack-trace">org.openqa.selenium.ElementNotInteractableException: Element &lt;span class=&quot;hidden-xs hidden-sm hidden-md&quot;&gt; could not be scrolled into view
Build info: version: &apos;4.0.0-beta-4&apos;, revision: &apos;29f46d02dd&apos;
System info: host: &apos;LAPTOP-EM2ICHMI&apos;, ip: &apos;192.168.58.102&apos;, os.name: &apos;Windows 10&apos;, os.arch: &apos;amd64&apos;, os.version: &apos;10.0&apos;, java.version: &apos;1.8.0_281&apos;
Driver info: org.openqa.selenium.firefox.FirefoxDriver
Command: [35fc842d-364d-456b-8697-5efb65681659, clickElement {id=c19a0327-29db-4b76-a832-f11ab4f32716}]
Capabilities {acceptInsecureCerts: true, browserName: firefox, browserVersion: 89.0.1, javascriptEnabled: true, moz:accessibilityChecks: false, moz:buildID: 20210614221319, moz:debuggerAddress: localhost:62371, moz:geckodriverVersion: 0.29.0, moz:headless: false, moz:processID: 16116, moz:profile: C:\Windows\Temp\rust_mozpro..., moz:shutdownTimeout: 60000, moz:useNonSpecCompliantPointerOrigin: false, moz:webdriverClick: true, pageLoadStrategy: normal, platform: WINDOWS, platformName: WINDOWS, platformVersion: 10.0, se:cdp: ws://localhost:62371/devtoo..., se:cdpVersion: 85, setWindowRect: true, strictFileInteractability: false, timeouts: {implicit: 0, pageLoad: 300000, script: 30000}, unhandledPromptBehavior: dismiss and notify}
Element: [[FirefoxDriver: firefox on WINDOWS (35fc842d-364d-456b-8697-5efb65681659)] -&gt; xpath: //span[contains(text(),&apos;My Account&apos;)]]
Session ID: 35fc842d-364d-456b-8697-5efb65681659
	at org.openqa.selenium.remote.codec.w3c.W3CHttpResponseCodec.createException(W3CHttpResponseCodec.java:200)
	at org.openqa.selenium.remote.codec.w3c.W3CHttpResponseCodec.decode(W3CHttpResponseCodec.java:133)
	at org.openqa.selenium.remote.codec.w3c.W3CHttpResponseCodec.decode(W3CHttpResponseCodec.java:53)
	at org.openqa.selenium.remote.HttpCommandExecutor.execute(HttpCommandExecutor.java:184)
	at org.openqa.selenium.remote.service.DriverCommandExecutor.invokeExecute(DriverCommandExecutor.java:162)
	at org.openqa.selenium.remote.service.DriverCommandExecutor.execute(DriverCommandExecutor.java:137)
	at org.openqa.selenium.remote.RemoteWebDriver.execute(RemoteWebDriver.java:612)
	at org.openqa.selenium.remote.RemoteWebElement.execute(RemoteWebElement.java:235)
	at org.openqa.selenium.remote.RemoteWebElement.click(RemoteWebElement.java:73)
	at com.pages.HomePage.goToLoginPage(HomePage.java:35)
	at com.tests.LoginTest.invalid_emailAndPassword_LoginTest3(LoginTest.java:28)
	at java.util.ArrayList.forEach(ArrayList.java:1259)
... Removed 35 stack frames
</div> <!-- stack-trace -->
                </div> <!-- method-content -->
              </div> <!-- method -->
              <div class="method">
                <div class="method-content">
                  <a name="valid_emailAndPassword_LoginTest(public void com.tests.LoginTest.valid_emailAndPassword_LoginTest(java.lang.reflect.Method))">
                  </a> <!-- valid_emailAndPassword_LoginTest(public void com.tests.LoginTest.valid_emailAndPassword_LoginTest(java.lang.reflect.Method)) -->
                  <span class="method-name">valid_emailAndPassword_LoginTest</span>
                  <span class="parameters">(public void com.tests.LoginTest.valid_emailAndPassword_LoginTest(java.lang.reflect.Method))</span>
                  <div class="stack-trace">org.openqa.selenium.ElementNotInteractableException: Element &lt;span class=&quot;hidden-xs hidden-sm hidden-md&quot;&gt; could not be scrolled into view
Build info: version: &apos;4.0.0-beta-4&apos;, revision: &apos;29f46d02dd&apos;
System info: host: &apos;LAPTOP-EM2ICHMI&apos;, ip: &apos;192.168.58.102&apos;, os.name: &apos;Windows 10&apos;, os.arch: &apos;amd64&apos;, os.version: &apos;10.0&apos;, java.version: &apos;1.8.0_281&apos;
Driver info: org.openqa.selenium.firefox.FirefoxDriver
Command: [35fc842d-364d-456b-8697-5efb65681659, clickElement {id=2fb81b74-7123-4862-aacf-38faa53ca446}]
Capabilities {acceptInsecureCerts: true, browserName: firefox, browserVersion: 89.0.1, javascriptEnabled: true, moz:accessibilityChecks: false, moz:buildID: 20210614221319, moz:debuggerAddress: localhost:62371, moz:geckodriverVersion: 0.29.0, moz:headless: false, moz:processID: 16116, moz:profile: C:\Windows\Temp\rust_mozpro..., moz:shutdownTimeout: 60000, moz:useNonSpecCompliantPointerOrigin: false, moz:webdriverClick: true, pageLoadStrategy: normal, platform: WINDOWS, platformName: WINDOWS, platformVersion: 10.0, se:cdp: ws://localhost:62371/devtoo..., se:cdpVersion: 85, setWindowRect: true, strictFileInteractability: false, timeouts: {implicit: 0, pageLoad: 300000, script: 30000}, unhandledPromptBehavior: dismiss and notify}
Element: [[FirefoxDriver: firefox on WINDOWS (35fc842d-364d-456b-8697-5efb65681659)] -&gt; xpath: //span[contains(text(),&apos;My Account&apos;)]]
Session ID: 35fc842d-364d-456b-8697-5efb65681659
	at org.openqa.selenium.remote.codec.w3c.W3CHttpResponseCodec.createException(W3CHttpResponseCodec.java:200)
	at org.openqa.selenium.remote.codec.w3c.W3CHttpResponseCodec.decode(W3CHttpResponseCodec.java:133)
	at org.openqa.selenium.remote.codec.w3c.W3CHttpResponseCodec.decode(W3CHttpResponseCodec.java:53)
	at org.openqa.selenium.remote.HttpCommandExecutor.execute(HttpCommandExecutor.java:184)
	at org.openqa.selenium.remote.service.DriverCommandExecutor.invokeExecute(DriverCommandExecutor.java:162)
	at org.openqa.selenium.remote.service.DriverCommandExecutor.execute(DriverCommandExecutor.java:137)
	at org.openqa.selenium.remote.RemoteWebDriver.execute(RemoteWebDriver.java:612)
	at org.openqa.selenium.remote.RemoteWebElement.execute(RemoteWebElement.java:235)
	at org.openqa.selenium.remote.RemoteWebElement.click(RemoteWebElement.java:73)
	at com.pages.HomePage.goToLoginPage(HomePage.java:35)
	at com.tests.LoginTest.valid_emailAndPassword_LoginTest(LoginTest.java:34)
	at java.util.ArrayList.forEach(ArrayList.java:1259)
... Removed 35 stack frames
</div> <!-- stack-trace -->
                </div> <!-- method-content -->
              </div> <!-- method -->
            </div> <!-- main-panel-content rounded-window-bottom -->
          </div> <!-- suite-All_Test_Suite-class-failed -->
          <div class="suite-All_Test_Suite-class-skipped">
            <div class="main-panel-header rounded-window-top">
              <img src="skipped.png"/>
              <span class="class-name">com.tests.LoginTest</span>
            </div> <!-- main-panel-header rounded-window-top -->
            <div class="main-panel-content rounded-window-bottom">
              <div class="method">
                <div class="method-content">
                  <a name="invalid_emailAndPassword_LoginTest1(public void com.tests.LoginTest.invalid_emailAndPassword_LoginTest1(java.lang.reflect.Method))">
                  </a> <!-- invalid_emailAndPassword_LoginTest1(public void com.tests.LoginTest.invalid_emailAndPassword_LoginTest1(java.lang.reflect.Method)) -->
                  <span class="method-name">invalid_emailAndPassword_LoginTest1</span>
                  <span class="parameters">(public void com.tests.LoginTest.invalid_emailAndPassword_LoginTest1(java.lang.reflect.Method))</span>
                  <div class="stack-trace">org.openqa.selenium.ElementNotInteractableException: Element &lt;span class=&quot;hidden-xs hidden-sm hidden-md&quot;&gt; could not be scrolled into view
Build info: version: &apos;4.0.0-beta-4&apos;, revision: &apos;29f46d02dd&apos;
System info: host: &apos;LAPTOP-EM2ICHMI&apos;, ip: &apos;192.168.58.102&apos;, os.name: &apos;Windows 10&apos;, os.arch: &apos;amd64&apos;, os.version: &apos;10.0&apos;, java.version: &apos;1.8.0_281&apos;
Driver info: org.openqa.selenium.firefox.FirefoxDriver
Command: [35fc842d-364d-456b-8697-5efb65681659, clickElement {id=5d08d0a8-7e5f-4ac4-9c98-ff025feccbc4}]
Capabilities {acceptInsecureCerts: true, browserName: firefox, browserVersion: 89.0.1, javascriptEnabled: true, moz:accessibilityChecks: false, moz:buildID: 20210614221319, moz:debuggerAddress: localhost:62371, moz:geckodriverVersion: 0.29.0, moz:headless: false, moz:processID: 16116, moz:profile: C:\Windows\Temp\rust_mozpro..., moz:shutdownTimeout: 60000, moz:useNonSpecCompliantPointerOrigin: false, moz:webdriverClick: true, pageLoadStrategy: normal, platform: WINDOWS, platformName: WINDOWS, platformVersion: 10.0, se:cdp: ws://localhost:62371/devtoo..., se:cdpVersion: 85, setWindowRect: true, strictFileInteractability: false, timeouts: {implicit: 0, pageLoad: 300000, script: 30000}, unhandledPromptBehavior: dismiss and notify}
Element: [[FirefoxDriver: firefox on WINDOWS (35fc842d-364d-456b-8697-5efb65681659)] -&gt; xpath: //span[contains(text(),&apos;My Account&apos;)]]
Session ID: 35fc842d-364d-456b-8697-5efb65681659
	at org.openqa.selenium.remote.codec.w3c.W3CHttpResponseCodec.createException(W3CHttpResponseCodec.java:200)
	at org.openqa.selenium.remote.codec.w3c.W3CHttpResponseCodec.decode(W3CHttpResponseCodec.java:133)
	at org.openqa.selenium.remote.codec.w3c.W3CHttpResponseCodec.decode(W3CHttpResponseCodec.java:53)
	at org.openqa.selenium.remote.HttpCommandExecutor.execute(HttpCommandExecutor.java:184)
	at org.openqa.selenium.remote.service.DriverCommandExecutor.invokeExecute(DriverCommandExecutor.java:162)
	at org.openqa.selenium.remote.service.DriverCommandExecutor.execute(DriverCommandExecutor.java:137)
	at org.openqa.selenium.remote.RemoteWebDriver.execute(RemoteWebDriver.java:612)
	at org.openqa.selenium.remote.RemoteWebElement.execute(RemoteWebElement.java:235)
	at org.openqa.selenium.remote.RemoteWebElement.click(RemoteWebElement.java:73)
	at com.pages.HomePage.goToLoginPage(HomePage.java:35)
	at com.tests.LoginTest.invalid_emailAndPassword_LoginTest1(LoginTest.java:14)
	at java.util.ArrayList.forEach(ArrayList.java:1259)
... Removed 35 stack frames
</div> <!-- stack-trace -->
                </div> <!-- method-content -->
              </div> <!-- method -->
              <div class="method">
                <div class="method-content">
                  <a name="invalid_emailAndPassword_LoginTest2(public void com.tests.LoginTest.invalid_emailAndPassword_LoginTest2(java.lang.reflect.Method))">
                  </a> <!-- invalid_emailAndPassword_LoginTest2(public void com.tests.LoginTest.invalid_emailAndPassword_LoginTest2(java.lang.reflect.Method)) -->
                  <span class="method-name">invalid_emailAndPassword_LoginTest2</span>
                  <span class="parameters">(public void com.tests.LoginTest.invalid_emailAndPassword_LoginTest2(java.lang.reflect.Method))</span>
                  <div class="stack-trace">org.openqa.selenium.ElementNotInteractableException: Element &lt;span class=&quot;hidden-xs hidden-sm hidden-md&quot;&gt; could not be scrolled into view
Build info: version: &apos;4.0.0-beta-4&apos;, revision: &apos;29f46d02dd&apos;
System info: host: &apos;LAPTOP-EM2ICHMI&apos;, ip: &apos;192.168.58.102&apos;, os.name: &apos;Windows 10&apos;, os.arch: &apos;amd64&apos;, os.version: &apos;10.0&apos;, java.version: &apos;1.8.0_281&apos;
Driver info: org.openqa.selenium.firefox.FirefoxDriver
Command: [35fc842d-364d-456b-8697-5efb65681659, clickElement {id=7dd085cb-8f97-45fa-83af-1de2b52d7c46}]
Capabilities {acceptInsecureCerts: true, browserName: firefox, browserVersion: 89.0.1, javascriptEnabled: true, moz:accessibilityChecks: false, moz:buildID: 20210614221319, moz:debuggerAddress: localhost:62371, moz:geckodriverVersion: 0.29.0, moz:headless: false, moz:processID: 16116, moz:profile: C:\Windows\Temp\rust_mozpro..., moz:shutdownTimeout: 60000, moz:useNonSpecCompliantPointerOrigin: false, moz:webdriverClick: true, pageLoadStrategy: normal, platform: WINDOWS, platformName: WINDOWS, platformVersion: 10.0, se:cdp: ws://localhost:62371/devtoo..., se:cdpVersion: 85, setWindowRect: true, strictFileInteractability: false, timeouts: {implicit: 0, pageLoad: 300000, script: 30000}, unhandledPromptBehavior: dismiss and notify}
Element: [[FirefoxDriver: firefox on WINDOWS (35fc842d-364d-456b-8697-5efb65681659)] -&gt; xpath: //span[contains(text(),&apos;My Account&apos;)]]
Session ID: 35fc842d-364d-456b-8697-5efb65681659
	at org.openqa.selenium.remote.codec.w3c.W3CHttpResponseCodec.createException(W3CHttpResponseCodec.java:200)
	at org.openqa.selenium.remote.codec.w3c.W3CHttpResponseCodec.decode(W3CHttpResponseCodec.java:133)
	at org.openqa.selenium.remote.codec.w3c.W3CHttpResponseCodec.decode(W3CHttpResponseCodec.java:53)
	at org.openqa.selenium.remote.HttpCommandExecutor.execute(HttpCommandExecutor.java:184)
	at org.openqa.selenium.remote.service.DriverCommandExecutor.invokeExecute(DriverCommandExecutor.java:162)
	at org.openqa.selenium.remote.service.DriverCommandExecutor.execute(DriverCommandExecutor.java:137)
	at org.openqa.selenium.remote.RemoteWebDriver.execute(RemoteWebDriver.java:612)
	at org.openqa.selenium.remote.RemoteWebElement.execute(RemoteWebElement.java:235)
	at org.openqa.selenium.remote.RemoteWebElement.click(RemoteWebElement.java:73)
	at com.pages.HomePage.goToLoginPage(HomePage.java:35)
	at com.tests.LoginTest.invalid_emailAndPassword_LoginTest2(LoginTest.java:21)
	at java.util.ArrayList.forEach(ArrayList.java:1259)
... Removed 35 stack frames
</div> <!-- stack-trace -->
                </div> <!-- method-content -->
              </div> <!-- method -->
              <div class="method">
                <div class="method-content">
                  <a name="invalid_emailAndPassword_LoginTest3(public void com.tests.LoginTest.invalid_emailAndPassword_LoginTest3(java.lang.reflect.Method))">
                  </a> <!-- invalid_emailAndPassword_LoginTest3(public void com.tests.LoginTest.invalid_emailAndPassword_LoginTest3(java.lang.reflect.Method)) -->
                  <span class="method-name">invalid_emailAndPassword_LoginTest3</span>
                  <span class="parameters">(public void com.tests.LoginTest.invalid_emailAndPassword_LoginTest3(java.lang.reflect.Method))</span>
                  <div class="stack-trace">org.openqa.selenium.ElementNotInteractableException: Element &lt;span class=&quot;hidden-xs hidden-sm hidden-md&quot;&gt; could not be scrolled into view
Build info: version: &apos;4.0.0-beta-4&apos;, revision: &apos;29f46d02dd&apos;
System info: host: &apos;LAPTOP-EM2ICHMI&apos;, ip: &apos;192.168.58.102&apos;, os.name: &apos;Windows 10&apos;, os.arch: &apos;amd64&apos;, os.version: &apos;10.0&apos;, java.version: &apos;1.8.0_281&apos;
Driver info: org.openqa.selenium.firefox.FirefoxDriver
Command: [35fc842d-364d-456b-8697-5efb65681659, clickElement {id=6b741741-6310-46d1-912f-c406e362ed82}]
Capabilities {acceptInsecureCerts: true, browserName: firefox, browserVersion: 89.0.1, javascriptEnabled: true, moz:accessibilityChecks: false, moz:buildID: 20210614221319, moz:debuggerAddress: localhost:62371, moz:geckodriverVersion: 0.29.0, moz:headless: false, moz:processID: 16116, moz:profile: C:\Windows\Temp\rust_mozpro..., moz:shutdownTimeout: 60000, moz:useNonSpecCompliantPointerOrigin: false, moz:webdriverClick: true, pageLoadStrategy: normal, platform: WINDOWS, platformName: WINDOWS, platformVersion: 10.0, se:cdp: ws://localhost:62371/devtoo..., se:cdpVersion: 85, setWindowRect: true, strictFileInteractability: false, timeouts: {implicit: 0, pageLoad: 300000, script: 30000}, unhandledPromptBehavior: dismiss and notify}
Element: [[FirefoxDriver: firefox on WINDOWS (35fc842d-364d-456b-8697-5efb65681659)] -&gt; xpath: //span[contains(text(),&apos;My Account&apos;)]]
Session ID: 35fc842d-364d-456b-8697-5efb65681659
	at org.openqa.selenium.remote.codec.w3c.W3CHttpResponseCodec.createException(W3CHttpResponseCodec.java:200)
	at org.openqa.selenium.remote.codec.w3c.W3CHttpResponseCodec.decode(W3CHttpResponseCodec.java:133)
	at org.openqa.selenium.remote.codec.w3c.W3CHttpResponseCodec.decode(W3CHttpResponseCodec.java:53)
	at org.openqa.selenium.remote.HttpCommandExecutor.execute(HttpCommandExecutor.java:184)
	at org.openqa.selenium.remote.service.DriverCommandExecutor.invokeExecute(DriverCommandExecutor.java:162)
	at org.openqa.selenium.remote.service.DriverCommandExecutor.execute(DriverCommandExecutor.java:137)
	at org.openqa.selenium.remote.RemoteWebDriver.execute(RemoteWebDriver.java:612)
	at org.openqa.selenium.remote.RemoteWebElement.execute(RemoteWebElement.java:235)
	at org.openqa.selenium.remote.RemoteWebElement.click(RemoteWebElement.java:73)
	at com.pages.HomePage.goToLoginPage(HomePage.java:35)
	at com.tests.LoginTest.invalid_emailAndPassword_LoginTest3(LoginTest.java:28)
	at java.util.ArrayList.forEach(ArrayList.java:1259)
... Removed 35 stack frames
</div> <!-- stack-trace -->
                </div> <!-- method-content -->
              </div> <!-- method -->
              <div class="method">
                <div class="method-content">
                  <a name="valid_emailAndPassword_LoginTest(public void com.tests.LoginTest.valid_emailAndPassword_LoginTest(java.lang.reflect.Method))">
                  </a> <!-- valid_emailAndPassword_LoginTest(public void com.tests.LoginTest.valid_emailAndPassword_LoginTest(java.lang.reflect.Method)) -->
                  <span class="method-name">valid_emailAndPassword_LoginTest</span>
                  <span class="parameters">(public void com.tests.LoginTest.valid_emailAndPassword_LoginTest(java.lang.reflect.Method))</span>
                  <div class="stack-trace">org.openqa.selenium.ElementNotInteractableException: Element &lt;span class=&quot;hidden-xs hidden-sm hidden-md&quot;&gt; could not be scrolled into view
Build info: version: &apos;4.0.0-beta-4&apos;, revision: &apos;29f46d02dd&apos;
System info: host: &apos;LAPTOP-EM2ICHMI&apos;, ip: &apos;192.168.58.102&apos;, os.name: &apos;Windows 10&apos;, os.arch: &apos;amd64&apos;, os.version: &apos;10.0&apos;, java.version: &apos;1.8.0_281&apos;
Driver info: org.openqa.selenium.firefox.FirefoxDriver
Command: [35fc842d-364d-456b-8697-5efb65681659, clickElement {id=073f7530-d101-400b-a092-e10fee9b064b}]
Capabilities {acceptInsecureCerts: true, browserName: firefox, browserVersion: 89.0.1, javascriptEnabled: true, moz:accessibilityChecks: false, moz:buildID: 20210614221319, moz:debuggerAddress: localhost:62371, moz:geckodriverVersion: 0.29.0, moz:headless: false, moz:processID: 16116, moz:profile: C:\Windows\Temp\rust_mozpro..., moz:shutdownTimeout: 60000, moz:useNonSpecCompliantPointerOrigin: false, moz:webdriverClick: true, pageLoadStrategy: normal, platform: WINDOWS, platformName: WINDOWS, platformVersion: 10.0, se:cdp: ws://localhost:62371/devtoo..., se:cdpVersion: 85, setWindowRect: true, strictFileInteractability: false, timeouts: {implicit: 0, pageLoad: 300000, script: 30000}, unhandledPromptBehavior: dismiss and notify}
Element: [[FirefoxDriver: firefox on WINDOWS (35fc842d-364d-456b-8697-5efb65681659)] -&gt; xpath: //span[contains(text(),&apos;My Account&apos;)]]
Session ID: 35fc842d-364d-456b-8697-5efb65681659
	at org.openqa.selenium.remote.codec.w3c.W3CHttpResponseCodec.createException(W3CHttpResponseCodec.java:200)
	at org.openqa.selenium.remote.codec.w3c.W3CHttpResponseCodec.decode(W3CHttpResponseCodec.java:133)
	at org.openqa.selenium.remote.codec.w3c.W3CHttpResponseCodec.decode(W3CHttpResponseCodec.java:53)
	at org.openqa.selenium.remote.HttpCommandExecutor.execute(HttpCommandExecutor.java:184)
	at org.openqa.selenium.remote.service.DriverCommandExecutor.invokeExecute(DriverCommandExecutor.java:162)
	at org.openqa.selenium.remote.service.DriverCommandExecutor.execute(DriverCommandExecutor.java:137)
	at org.openqa.selenium.remote.RemoteWebDriver.execute(RemoteWebDriver.java:612)
	at org.openqa.selenium.remote.RemoteWebElement.execute(RemoteWebElement.java:235)
	at org.openqa.selenium.remote.RemoteWebElement.click(RemoteWebElement.java:73)
	at com.pages.HomePage.goToLoginPage(HomePage.java:35)
	at com.tests.LoginTest.valid_emailAndPassword_LoginTest(LoginTest.java:34)
	at java.util.ArrayList.forEach(ArrayList.java:1259)
... Removed 35 stack frames
</div> <!-- stack-trace -->
                </div> <!-- method-content -->
              </div> <!-- method -->
            </div> <!-- main-panel-content rounded-window-bottom -->
          </div> <!-- suite-All_Test_Suite-class-skipped -->
          <div class="suite-All_Test_Suite-class-passed">
            <div class="main-panel-header rounded-window-top">
              <img src="passed.png"/>
              <span class="class-name">com.tests.LoginTest</span>
            </div> <!-- main-panel-header rounded-window-top -->
            <div class="main-panel-content rounded-window-bottom">
              <div class="method">
                <div class="method-content">
                  <a name="testPrint">
                  </a> <!-- testPrint -->
                  <span class="method-name">testPrint</span>
                </div> <!-- method-content -->
              </div> <!-- method -->
            </div> <!-- main-panel-content rounded-window-bottom -->
          </div> <!-- suite-All_Test_Suite-class-passed -->
        </div> <!-- panel All_Test_Suite -->
        <div panel-name="test-xml-All_Test_Suite" class="panel">
          <div class="main-panel-header rounded-window-top">
            <span class="header-content">E:\POMframeworkWithExtentReportCOPY\Testng.xml</span>
          </div> <!-- main-panel-header rounded-window-top -->
          <div class="main-panel-content rounded-window-bottom">
            <pre>
&lt;?xml version=&quot;1.0&quot; encoding=&quot;UTF-8&quot;?&gt;
&lt;!DOCTYPE suite SYSTEM &quot;https://testng.org/testng-1.0.dtd&quot;&gt;
&lt;suite guice-stage=&quot;DEVELOPMENT&quot; verbose=&quot;0&quot; name=&quot;All Test Suite&quot;&gt;
  &lt;listeners&gt;
    &lt;listener class-name=&quot;com.utils.Listeners.TestListener&quot;/&gt;
    &lt;listener class-name=&quot;com.utils.Listeners.AnnotationTransformer&quot;/&gt;
  &lt;/listeners&gt;
  &lt;test thread-count=&quot;5&quot; verbose=&quot;0&quot; name=&quot;POMframeworkWithExtentReportCOPY&quot;&gt;
    &lt;classes&gt;
      &lt;class name=&quot;com.tests.LoginTest&quot;/&gt;
    &lt;/classes&gt;
  &lt;/test&gt; &lt;!-- POMframeworkWithExtentReportCOPY --&gt;
&lt;/suite&gt; &lt;!-- All Test Suite --&gt;
            </pre>
          </div> <!-- main-panel-content rounded-window-bottom -->
        </div> <!-- panel -->
        <div panel-name="testlist-All_Test_Suite" class="panel">
          <div class="main-panel-header rounded-window-top">
            <span class="header-content">Tests for All Test Suite</span>
          </div> <!-- main-panel-header rounded-window-top -->
          <div class="main-panel-content rounded-window-bottom">
            <ul>
              <li>
                <span class="test-name">POMframeworkWithExtentReportCOPY (1 class)</span>
              </li>
            </ul>
          </div> <!-- main-panel-content rounded-window-bottom -->
        </div> <!-- panel -->
        <div panel-name="group-All_Test_Suite" class="panel">
          <div class="main-panel-header rounded-window-top">
            <span class="header-content">Groups for All Test Suite</span>
          </div> <!-- main-panel-header rounded-window-top -->
          <div class="main-panel-content rounded-window-bottom">
          </div> <!-- main-panel-content rounded-window-bottom -->
        </div> <!-- panel -->
        <div panel-name="times-All_Test_Suite" class="panel">
          <div class="main-panel-header rounded-window-top">
            <span class="header-content">Times for All Test Suite</span>
          </div> <!-- main-panel-header rounded-window-top -->
          <div class="main-panel-content rounded-window-bottom">
            <div class="times-div">
              <script type="text/javascript">
suiteTableInitFunctions.push('tableData_All_Test_Suite');
function tableData_All_Test_Suite() {
var data = new google.visualization.DataTable();
data.addColumn('number', 'Number');
data.addColumn('string', 'Method');
data.addColumn('string', 'Class');
data.addColumn('number', 'Time (ms)');
data.addRows(9);
data.setCell(0, 0, 0)
data.setCell(0, 1, 'invalid_emailAndPassword_LoginTest1')
data.setCell(0, 2, 'com.tests.LoginTest')
data.setCell(0, 3, 2717);
data.setCell(1, 0, 1)
data.setCell(1, 1, 'invalid_emailAndPassword_LoginTest2')
data.setCell(1, 2, 'com.tests.LoginTest')
data.setCell(1, 3, 1506);
data.setCell(2, 0, 2)
data.setCell(2, 1, 'invalid_emailAndPassword_LoginTest2')
data.setCell(2, 2, 'com.tests.LoginTest')
data.setCell(2, 3, 1466);
data.setCell(3, 0, 3)
data.setCell(3, 1, 'invalid_emailAndPassword_LoginTest1')
data.setCell(3, 2, 'com.tests.LoginTest')
data.setCell(3, 3, 1366);
data.setCell(4, 0, 4)
data.setCell(4, 1, 'invalid_emailAndPassword_LoginTest3')
data.setCell(4, 2, 'com.tests.LoginTest')
data.setCell(4, 3, 1329);
data.setCell(5, 0, 5)
data.setCell(5, 1, 'valid_emailAndPassword_LoginTest')
data.setCell(5, 2, 'com.tests.LoginTest')
data.setCell(5, 3, 1307);
data.setCell(6, 0, 6)
data.setCell(6, 1, 'invalid_emailAndPassword_LoginTest3')
data.setCell(6, 2, 'com.tests.LoginTest')
data.setCell(6, 3, 1298);
data.setCell(7, 0, 7)
data.setCell(7, 1, 'valid_emailAndPassword_LoginTest')
data.setCell(7, 2, 'com.tests.LoginTest')
data.setCell(7, 3, 1281);
data.setCell(8, 0, 8)
data.setCell(8, 1, 'testPrint')
data.setCell(8, 2, 'com.tests.LoginTest')
data.setCell(8, 3, 10);
window.suiteTableData['All_Test_Suite']= { tableData: data, tableDiv: 'times-div-All_Test_Suite'}
return data;
}
              </script>
              <span class="suite-total-time">Total running time: 12 seconds</span>
              <div id="times-div-All_Test_Suite">
              </div> <!-- times-div-All_Test_Suite -->
            </div> <!-- times-div -->
          </div> <!-- main-panel-content rounded-window-bottom -->
        </div> <!-- panel -->
        <div panel-name="reporter-All_Test_Suite" class="panel">
          <div class="main-panel-header rounded-window-top">
            <span class="header-content">Reporter output for All Test Suite</span>
          </div> <!-- main-panel-header rounded-window-top -->
          <div class="main-panel-content rounded-window-bottom">
          </div> <!-- main-panel-content rounded-window-bottom -->
        </div> <!-- panel -->
        <div panel-name="ignored-methods-All_Test_Suite" class="panel">
          <div class="main-panel-header rounded-window-top">
            <span class="header-content">0 ignored methods</span>
          </div> <!-- main-panel-header rounded-window-top -->
          <div class="main-panel-content rounded-window-bottom">
          </div> <!-- main-panel-content rounded-window-bottom -->
        </div> <!-- panel -->
        <div panel-name="chronological-All_Test_Suite" class="panel">
          <div class="main-panel-header rounded-window-top">
            <span class="header-content">Methods in chronological order</span>
          </div> <!-- main-panel-header rounded-window-top -->
          <div class="main-panel-content rounded-window-bottom">
            <div class="chronological-class">
              <div class="chronological-class-name">com.tests.LoginTest</div> <!-- chronological-class-name -->
              <div class="configuration-class before">
                <span class="method-name">classLevelSetUP</span>
                <span class="method-start">0 ms</span>
              </div> <!-- configuration-class before -->
              <div class="configuration-method before">
                <span class="method-name">methodLevelSetUP</span>
                <span class="method-start">8016 ms</span>
              </div> <!-- configuration-method before -->
              <div class="test-method">
                <span class="method-name">invalid_emailAndPassword_LoginTest1(public void com.tests.LoginTest.invalid_emailAndPassword_LoginTest1(java.lang.reflect.Method))</span>
                <span class="method-start">8047 ms</span>
              </div> <!-- test-method -->
              <div class="configuration-method before">
                <span class="method-name">methodLevelSetUP</span>
                <span class="method-start">11009 ms</span>
              </div> <!-- configuration-method before -->
              <div class="test-method">
                <img src="failed.png">
                </img>
                <span class="method-name">invalid_emailAndPassword_LoginTest1(public void com.tests.LoginTest.invalid_emailAndPassword_LoginTest1(java.lang.reflect.Method))</span>
                <span class="method-start">11009 ms</span>
              </div> <!-- test-method -->
              <div class="configuration-method before">
                <span class="method-name">methodLevelSetUP</span>
                <span class="method-start">12574 ms</span>
              </div> <!-- configuration-method before -->
              <div class="test-method">
                <span class="method-name">testPrint</span>
                <span class="method-start">12575 ms</span>
              </div> <!-- test-method -->
              <div class="configuration-method before">
                <span class="method-name">methodLevelSetUP</span>
                <span class="method-start">12587 ms</span>
              </div> <!-- configuration-method before -->
              <div class="test-method">
                <span class="method-name">invalid_emailAndPassword_LoginTest2(public void com.tests.LoginTest.invalid_emailAndPassword_LoginTest2(java.lang.reflect.Method))</span>
                <span class="method-start">12588 ms</span>
              </div> <!-- test-method -->
              <div class="configuration-method before">
                <span class="method-name">methodLevelSetUP</span>
                <span class="method-start">14228 ms</span>
              </div> <!-- configuration-method before -->
              <div class="test-method">
                <img src="failed.png">
                </img>
                <span class="method-name">invalid_emailAndPassword_LoginTest2(public void com.tests.LoginTest.invalid_emailAndPassword_LoginTest2(java.lang.reflect.Method))</span>
                <span class="method-start">14229 ms</span>
              </div> <!-- test-method -->
              <div class="configuration-method before">
                <span class="method-name">methodLevelSetUP</span>
                <span class="method-start">15896 ms</span>
              </div> <!-- configuration-method before -->
              <div class="test-method">
                <span class="method-name">invalid_emailAndPassword_LoginTest3(public void com.tests.LoginTest.invalid_emailAndPassword_LoginTest3(java.lang.reflect.Method))</span>
                <span class="method-start">15896 ms</span>
              </div> <!-- test-method -->
              <div class="test-method">
                <img src="failed.png">
                </img>
                <span class="method-name">invalid_emailAndPassword_LoginTest3(public void com.tests.LoginTest.invalid_emailAndPassword_LoginTest3(java.lang.reflect.Method))</span>
                <span class="method-start">17359 ms</span>
              </div> <!-- test-method -->
              <div class="configuration-method before">
                <span class="method-name">methodLevelSetUP</span>
                <span class="method-start">17359 ms</span>
              </div> <!-- configuration-method before -->
              <div class="configuration-method before">
                <span class="method-name">methodLevelSetUP</span>
                <span class="method-start">18833 ms</span>
              </div> <!-- configuration-method before -->
              <div class="test-method">
                <span class="method-name">valid_emailAndPassword_LoginTest(public void com.tests.LoginTest.valid_emailAndPassword_LoginTest(java.lang.reflect.Method))</span>
                <span class="method-start">18834 ms</span>
              </div> <!-- test-method -->
              <div class="test-method">
                <img src="failed.png">
                </img>
                <span class="method-name">valid_emailAndPassword_LoginTest(public void com.tests.LoginTest.valid_emailAndPassword_LoginTest(java.lang.reflect.Method))</span>
                <span class="method-start">20309 ms</span>
              </div> <!-- test-method -->
              <div class="configuration-method before">
                <span class="method-name">methodLevelSetUP</span>
                <span class="method-start">20309 ms</span>
              </div> <!-- configuration-method before -->
              <div class="configuration-class after">
                <span class="method-name">tearDown</span>
                <span class="method-start">21770 ms</span>
              </div> <!-- configuration-class after -->
          </div> <!-- main-panel-content rounded-window-bottom -->
        </div> <!-- panel -->
      </div> <!-- main-panel-root -->
    </div> <!-- wrapper -->
  </body>
<script type="text/javascript" src="testng-reports2.js"></script>
</html>
